<?xml version="1.0" encoding="UTF-8"?>
<!-- Generated by org.testng.reporters.JUnitXMLReporter -->
<testsuite ignored="3" hostname="LAPTOP-H28HP609" failures="0" tests="1" name="Default test" time="0.041" errors="0" timestamp="2024-03-27T18:18:28 IST">
  <testcase classname="Testproject.DemoProject" name="@BeforeTest beforeTest" time="-1.71154370872E9">
    <failure type="org.testng.TestNGException" message="
Parameter &amp;apos;Browser&amp;apos; is required by BeforeTest on method beforeTest but has not been marked @Optional or defined
in C:\Users\syamr\AppData\Local\Temp\testng-eclipse--1193746464\testng-customsuite.xml">
      <![CDATA[org.testng.TestNGException: 
Parameter 'Browser' is required by BeforeTest on method beforeTest but has not been marked @Optional or defined
in C:\Users\syamr\AppData\Local\Temp\testng-eclipse--1193746464\testng-customsuite.xml
at org.testng.internal.Parameters.createParams(Parameters.java:270)
at org.testng.internal.Parameters.createParametersForMethod(Parameters.java:358)
at org.testng.internal.Parameters.createParameters(Parameters.java:700)
at org.testng.internal.Parameters.createConfigurationParameters(Parameters.java:168)
at org.testng.internal.ConfigInvoker.invokeConfigurations(ConfigInvoker.java:302)
at org.testng.TestRunner.invokeTestConfigurations(TestRunner.java:637)
at org.testng.TestRunner.beforeRun(TestRunner.java:627)
at org.testng.TestRunner.run(TestRunner.java:589)
at org.testng.SuiteRunner.runTest(SuiteRunner.java:377)
at org.testng.SuiteRunner.runSequentially(SuiteRunner.java:371)
at org.testng.SuiteRunner.privateRun(SuiteRunner.java:332)
at org.testng.SuiteRunner.run(SuiteRunner.java:276)
at org.testng.SuiteRunnerWorker.runSuite(SuiteRunnerWorker.java:53)
at org.testng.SuiteRunnerWorker.run(SuiteRunnerWorker.java:96)
at org.testng.TestNG.runSuitesSequentially(TestNG.java:1212)
at org.testng.TestNG.runSuitesLocally(TestNG.java:1134)
at org.testng.TestNG.runSuites(TestNG.java:1063)
at org.testng.TestNG.run(TestNG.java:1031)
at org.testng.remote.AbstractRemoteTestNG.run(AbstractRemoteTestNG.java:115)
at org.testng.remote.RemoteTestNG.initAndRun(RemoteTestNG.java:251)
at org.testng.remote.RemoteTestNG.main(RemoteTestNG.java:77)
]]>
    </failure>
  </testcase> <!-- @BeforeTest beforeTest -->
  <testcase classname="Testproject.DemoProject" name="@AfterTest afterTest" time="-1.711543708754E9">
    <skipped/>
  </testcase> <!-- @AfterTest afterTest -->
  <testcase classname="Testproject.DemoProject" name="clickBranddataprovider" time="0.0">
    <skipped/>
  </testcase> <!-- clickBranddataprovider -->
  <testcase classname="Testproject.DemoProject" name="alerttour" time="0.0">
    <ignored/>
  </testcase> <!-- alerttour -->
  <testcase classname="Testproject.DemoProject" name="Invalidlogin" time="0.0">
    <ignored/>
  </testcase> <!-- Invalidlogin -->
  <testcase classname="Testproject.DemoProject" name="Login" time="0.0">
    <ignored/>
  </testcase> <!-- Login -->
</testsuite> <!-- Default test -->
